<?xml version="1.0" encoding="UTF-8"?>
<testsuite xmlns:xsi="http://www.w3.org/2001/XMLSchema-instance" xsi:noNamespaceSchemaLocation="https://maven.apache.org/surefire/maven-surefire-plugin/xsd/surefire-test-report-3.0.xsd" version="3.0" name="com.udacity.catpoint.security.service.SecurityServiceTest" time="1.448" tests="28" errors="0" skipped="0" failures="0">
  <properties>
    <property name="java.specification.version" value="14"/>
    <property name="sun.jnu.encoding" value="UTF-8"/>
    <property name="java.class.path" value="/Users/baicenxiao/IdeaProjects/Udasecurity/catpoint-parent/Security/target/test-classes:/Users/baicenxiao/.m2/repository/com/google/guava/failureaccess/1.0.1/failureaccess-1.0.1.jar:/Users/baicenxiao/.m2/repository/com/google/guava/listenablefuture/9999.0-empty-to-avoid-conflict-with-guava/listenablefuture-9999.0-empty-to-avoid-conflict-with-guava.jar:/Users/baicenxiao/.m2/repository/com/google/code/findbugs/jsr305/3.0.2/jsr305-3.0.2.jar:/Users/baicenxiao/.m2/repository/org/checkerframework/checker-qual/3.12.0/checker-qual-3.12.0.jar:/Users/baicenxiao/.m2/repository/com/google/errorprone/error_prone_annotations/2.7.1/error_prone_annotations-2.7.1.jar:/Users/baicenxiao/.m2/repository/com/google/j2objc/j2objc-annotations/1.3/j2objc-annotations-1.3.jar:/Users/baicenxiao/.m2/repository/software/amazon/awssdk/annotations/2.17.99/annotations-2.17.99.jar:/Users/baicenxiao/.m2/repository/software/amazon/awssdk/utils/2.17.99/utils-2.17.99.jar:/Users/baicenxiao/.m2/repository/org/reactivestreams/reactive-streams/1.0.3/reactive-streams-1.0.3.jar:/Users/baicenxiao/.m2/repository/software/amazon/awssdk/profiles/2.17.99/profiles-2.17.99.jar:/Users/baicenxiao/.m2/repository/software/amazon/awssdk/http-client-spi/2.17.99/http-client-spi-2.17.99.jar:/Users/baicenxiao/.m2/repository/software/amazon/awssdk/json-utils/2.17.99/json-utils-2.17.99.jar:/Users/baicenxiao/.m2/repository/software/amazon/awssdk/third-party-jackson-core/2.17.99/third-party-jackson-core-2.17.99.jar:/Users/baicenxiao/.m2/repository/software/amazon/eventstream/eventstream/1.0.1/eventstream-1.0.1.jar:/Users/baicenxiao/.m2/repository/software/amazon/awssdk/aws-json-protocol/2.17.91/aws-json-protocol-2.17.91.jar:/Users/baicenxiao/.m2/repository/software/amazon/awssdk/protocol-core/2.17.91/protocol-core-2.17.91.jar:/Users/baicenxiao/.m2/repository/software/amazon/awssdk/aws-core/2.17.91/aws-core-2.17.91.jar:/Users/baicenxiao/.m2/repository/software/amazon/awssdk/metrics-spi/2.17.91/metrics-spi-2.17.91.jar:/Users/baicenxiao/.m2/repository/software/amazon/awssdk/apache-client/2.17.91/apache-client-2.17.91.jar:/Users/baicenxiao/.m2/repository/org/apache/httpcomponents/httpclient/4.5.13/httpclient-4.5.13.jar:/Users/baicenxiao/.m2/repository/commons-logging/commons-logging/1.2/commons-logging-1.2.jar:/Users/baicenxiao/.m2/repository/commons-codec/commons-codec/1.11/commons-codec-1.11.jar:/Users/baicenxiao/.m2/repository/org/apache/httpcomponents/httpcore/4.4.11/httpcore-4.4.11.jar:/Users/baicenxiao/.m2/repository/software/amazon/awssdk/netty-nio-client/2.17.91/netty-nio-client-2.17.91.jar:/Users/baicenxiao/.m2/repository/io/netty/netty-codec-http/4.1.68.Final/netty-codec-http-4.1.68.Final.jar:/Users/baicenxiao/.m2/repository/io/netty/netty-codec-http2/4.1.68.Final/netty-codec-http2-4.1.68.Final.jar:/Users/baicenxiao/.m2/repository/io/netty/netty-codec/4.1.68.Final/netty-codec-4.1.68.Final.jar:/Users/baicenxiao/.m2/repository/io/netty/netty-transport/4.1.68.Final/netty-transport-4.1.68.Final.jar:/Users/baicenxiao/.m2/repository/io/netty/netty-resolver/4.1.68.Final/netty-resolver-4.1.68.Final.jar:/Users/baicenxiao/.m2/repository/io/netty/netty-common/4.1.68.Final/netty-common-4.1.68.Final.jar:/Users/baicenxiao/.m2/repository/io/netty/netty-buffer/4.1.68.Final/netty-buffer-4.1.68.Final.jar:/Users/baicenxiao/.m2/repository/io/netty/netty-handler/4.1.68.Final/netty-handler-4.1.68.Final.jar:/Users/baicenxiao/.m2/repository/io/netty/netty-transport-native-epoll/4.1.68.Final/netty-transport-native-epoll-4.1.68.Final-linux-x86_64.jar:/Users/baicenxiao/.m2/repository/io/netty/netty-transport-native-unix-common/4.1.68.Final/netty-transport-native-unix-common-4.1.68.Final.jar:/Users/baicenxiao/.m2/repository/com/typesafe/netty/netty-reactive-streams-http/2.0.5/netty-reactive-streams-http-2.0.5.jar:/Users/baicenxiao/.m2/repository/com/typesafe/netty/netty-reactive-streams/2.0.5/netty-reactive-streams-2.0.5.jar:/Users/baicenxiao/.m2/repository/org/junit/jupiter/junit-jupiter-api/5.7.0/junit-jupiter-api-5.7.0.jar:/Users/baicenxiao/.m2/repository/org/apiguardian/apiguardian-api/1.1.0/apiguardian-api-1.1.0.jar:/Users/baicenxiao/.m2/repository/org/opentest4j/opentest4j/1.2.0/opentest4j-1.2.0.jar:/Users/baicenxiao/.m2/repository/org/junit/platform/junit-platform-commons/1.7.0/junit-platform-commons-1.7.0.jar:/Users/baicenxiao/.m2/repository/org/junit/jupiter/junit-jupiter-engine/5.7.0/junit-jupiter-engine-5.7.0.jar:/Users/baicenxiao/.m2/repository/org/junit/platform/junit-platform-engine/1.7.0/junit-platform-engine-1.7.0.jar:/Users/baicenxiao/.m2/repository/org/mockito/mockito-junit-jupiter/3.6.28/mockito-junit-jupiter-3.6.28.jar:/Users/baicenxiao/.m2/repository/org/mockito/mockito-core/3.6.28/mockito-core-3.6.28.jar:/Users/baicenxiao/.m2/repository/net/bytebuddy/byte-buddy/1.10.18/byte-buddy-1.10.18.jar:/Users/baicenxiao/.m2/repository/net/bytebuddy/byte-buddy-agent/1.10.18/byte-buddy-agent-1.10.18.jar:/Users/baicenxiao/.m2/repository/org/objenesis/objenesis/3.1/objenesis-3.1.jar:/Users/baicenxiao/.m2/repository/org/junit/jupiter/junit-jupiter-params/5.7.1/junit-jupiter-params-5.7.1.jar:"/>
    <property name="java.vm.vendor" value="Oracle Corporation"/>
    <property name="sun.arch.data.model" value="64"/>
    <property name="sun.font.fontmanager" value="sun.font.CFontManager"/>
    <property name="java.vendor.url" value="https://java.oracle.com/"/>
    <property name="os.name" value="Mac OS X"/>
    <property name="java.vm.specification.version" value="14"/>
    <property name="sun.java.launcher" value="SUN_STANDARD"/>
    <property name="user.country" value="US"/>
    <property name="sun.boot.library.path" value="/Library/Java/JavaVirtualMachines/jdk-14.0.2.jdk/Contents/Home/lib"/>
    <property name="sun.java.command" value="org.apache.maven.surefire.booter.ForkedBooter /Users/baicenxiao/IdeaProjects/Udasecurity/catpoint-parent/Security/target/surefire 2021-12-24T14-56-44_706-jvmRun1 surefire1204736032918148831tmp surefire_06505026181811896943tmp"/>
    <property name="http.nonProxyHosts" value="local|*.local|169.254/16|*.169.254/16"/>
    <property name="jdk.debug" value="release"/>
    <property name="surefire.test.class.path" value="/Users/baicenxiao/IdeaProjects/Udasecurity/catpoint-parent/Security/target/test-classes:/Users/baicenxiao/.m2/repository/com/google/guava/failureaccess/1.0.1/failureaccess-1.0.1.jar:/Users/baicenxiao/.m2/repository/com/google/guava/listenablefuture/9999.0-empty-to-avoid-conflict-with-guava/listenablefuture-9999.0-empty-to-avoid-conflict-with-guava.jar:/Users/baicenxiao/.m2/repository/com/google/code/findbugs/jsr305/3.0.2/jsr305-3.0.2.jar:/Users/baicenxiao/.m2/repository/org/checkerframework/checker-qual/3.12.0/checker-qual-3.12.0.jar:/Users/baicenxiao/.m2/repository/com/google/errorprone/error_prone_annotations/2.7.1/error_prone_annotations-2.7.1.jar:/Users/baicenxiao/.m2/repository/com/google/j2objc/j2objc-annotations/1.3/j2objc-annotations-1.3.jar:/Users/baicenxiao/.m2/repository/software/amazon/awssdk/annotations/2.17.99/annotations-2.17.99.jar:/Users/baicenxiao/.m2/repository/software/amazon/awssdk/utils/2.17.99/utils-2.17.99.jar:/Users/baicenxiao/.m2/repository/org/reactivestreams/reactive-streams/1.0.3/reactive-streams-1.0.3.jar:/Users/baicenxiao/.m2/repository/software/amazon/awssdk/profiles/2.17.99/profiles-2.17.99.jar:/Users/baicenxiao/.m2/repository/software/amazon/awssdk/http-client-spi/2.17.99/http-client-spi-2.17.99.jar:/Users/baicenxiao/.m2/repository/software/amazon/awssdk/json-utils/2.17.99/json-utils-2.17.99.jar:/Users/baicenxiao/.m2/repository/software/amazon/awssdk/third-party-jackson-core/2.17.99/third-party-jackson-core-2.17.99.jar:/Users/baicenxiao/.m2/repository/software/amazon/eventstream/eventstream/1.0.1/eventstream-1.0.1.jar:/Users/baicenxiao/.m2/repository/software/amazon/awssdk/aws-json-protocol/2.17.91/aws-json-protocol-2.17.91.jar:/Users/baicenxiao/.m2/repository/software/amazon/awssdk/protocol-core/2.17.91/protocol-core-2.17.91.jar:/Users/baicenxiao/.m2/repository/software/amazon/awssdk/aws-core/2.17.91/aws-core-2.17.91.jar:/Users/baicenxiao/.m2/repository/software/amazon/awssdk/metrics-spi/2.17.91/metrics-spi-2.17.91.jar:/Users/baicenxiao/.m2/repository/software/amazon/awssdk/apache-client/2.17.91/apache-client-2.17.91.jar:/Users/baicenxiao/.m2/repository/org/apache/httpcomponents/httpclient/4.5.13/httpclient-4.5.13.jar:/Users/baicenxiao/.m2/repository/commons-logging/commons-logging/1.2/commons-logging-1.2.jar:/Users/baicenxiao/.m2/repository/commons-codec/commons-codec/1.11/commons-codec-1.11.jar:/Users/baicenxiao/.m2/repository/org/apache/httpcomponents/httpcore/4.4.11/httpcore-4.4.11.jar:/Users/baicenxiao/.m2/repository/software/amazon/awssdk/netty-nio-client/2.17.91/netty-nio-client-2.17.91.jar:/Users/baicenxiao/.m2/repository/io/netty/netty-codec-http/4.1.68.Final/netty-codec-http-4.1.68.Final.jar:/Users/baicenxiao/.m2/repository/io/netty/netty-codec-http2/4.1.68.Final/netty-codec-http2-4.1.68.Final.jar:/Users/baicenxiao/.m2/repository/io/netty/netty-codec/4.1.68.Final/netty-codec-4.1.68.Final.jar:/Users/baicenxiao/.m2/repository/io/netty/netty-transport/4.1.68.Final/netty-transport-4.1.68.Final.jar:/Users/baicenxiao/.m2/repository/io/netty/netty-resolver/4.1.68.Final/netty-resolver-4.1.68.Final.jar:/Users/baicenxiao/.m2/repository/io/netty/netty-common/4.1.68.Final/netty-common-4.1.68.Final.jar:/Users/baicenxiao/.m2/repository/io/netty/netty-buffer/4.1.68.Final/netty-buffer-4.1.68.Final.jar:/Users/baicenxiao/.m2/repository/io/netty/netty-handler/4.1.68.Final/netty-handler-4.1.68.Final.jar:/Users/baicenxiao/.m2/repository/io/netty/netty-transport-native-epoll/4.1.68.Final/netty-transport-native-epoll-4.1.68.Final-linux-x86_64.jar:/Users/baicenxiao/.m2/repository/io/netty/netty-transport-native-unix-common/4.1.68.Final/netty-transport-native-unix-common-4.1.68.Final.jar:/Users/baicenxiao/.m2/repository/com/typesafe/netty/netty-reactive-streams-http/2.0.5/netty-reactive-streams-http-2.0.5.jar:/Users/baicenxiao/.m2/repository/com/typesafe/netty/netty-reactive-streams/2.0.5/netty-reactive-streams-2.0.5.jar:/Users/baicenxiao/.m2/repository/org/junit/jupiter/junit-jupiter-api/5.7.0/junit-jupiter-api-5.7.0.jar:/Users/baicenxiao/.m2/repository/org/apiguardian/apiguardian-api/1.1.0/apiguardian-api-1.1.0.jar:/Users/baicenxiao/.m2/repository/org/opentest4j/opentest4j/1.2.0/opentest4j-1.2.0.jar:/Users/baicenxiao/.m2/repository/org/junit/platform/junit-platform-commons/1.7.0/junit-platform-commons-1.7.0.jar:/Users/baicenxiao/.m2/repository/org/junit/jupiter/junit-jupiter-engine/5.7.0/junit-jupiter-engine-5.7.0.jar:/Users/baicenxiao/.m2/repository/org/junit/platform/junit-platform-engine/1.7.0/junit-platform-engine-1.7.0.jar:/Users/baicenxiao/.m2/repository/org/mockito/mockito-junit-jupiter/3.6.28/mockito-junit-jupiter-3.6.28.jar:/Users/baicenxiao/.m2/repository/org/mockito/mockito-core/3.6.28/mockito-core-3.6.28.jar:/Users/baicenxiao/.m2/repository/net/bytebuddy/byte-buddy/1.10.18/byte-buddy-1.10.18.jar:/Users/baicenxiao/.m2/repository/net/bytebuddy/byte-buddy-agent/1.10.18/byte-buddy-agent-1.10.18.jar:/Users/baicenxiao/.m2/repository/org/objenesis/objenesis/3.1/objenesis-3.1.jar:/Users/baicenxiao/.m2/repository/org/junit/jupiter/junit-jupiter-params/5.7.1/junit-jupiter-params-5.7.1.jar:"/>
    <property name="sun.cpu.endian" value="little"/>
    <property name="user.home" value="/Users/baicenxiao"/>
    <property name="user.language" value="en"/>
    <property name="java.specification.vendor" value="Oracle Corporation"/>
    <property name="jdk.module.path" value="/Users/baicenxiao/IdeaProjects/Udasecurity/catpoint-parent/Security/target/classes:/Users/baicenxiao/.m2/repository/com/miglayout/miglayout/3.7.4/miglayout-3.7.4.jar:/Users/baicenxiao/.m2/repository/com/google/guava/guava/31.0.1-jre/guava-31.0.1-jre.jar:/Users/baicenxiao/.m2/repository/com/google/code/gson/gson/2.8.9/gson-2.8.9.jar:/Users/baicenxiao/IdeaProjects/Udasecurity/catpoint-parent/Image/target/Image-1.0-SNAPSHOT.jar:/Users/baicenxiao/.m2/repository/org/slf4j/slf4j-api/1.7.32/slf4j-api-1.7.32.jar:/Users/baicenxiao/.m2/repository/software/amazon/awssdk/auth/2.17.99/auth-2.17.99.jar:/Users/baicenxiao/.m2/repository/software/amazon/awssdk/sdk-core/2.17.99/sdk-core-2.17.99.jar:/Users/baicenxiao/.m2/repository/software/amazon/awssdk/regions/2.17.99/regions-2.17.99.jar:/Users/baicenxiao/.m2/repository/software/amazon/awssdk/rekognition/2.17.91/rekognition-2.17.91.jar"/>
    <property name="java.version.date" value="2020-07-14"/>
    <property name="java.home" value="/Library/Java/JavaVirtualMachines/jdk-14.0.2.jdk/Contents/Home"/>
    <property name="file.separator" value="/"/>
    <property name="basedir" value="/Users/baicenxiao/IdeaProjects/Udasecurity/catpoint-parent/Security"/>
    <property name="java.vm.compressedOopsMode" value="Zero based"/>
    <property name="line.separator" value="&#10;"/>
    <property name="java.vm.specification.vendor" value="Oracle Corporation"/>
    <property name="java.specification.name" value="Java Platform API Specification"/>
    <property name="surefire.real.class.path" value="/Users/baicenxiao/.m2/repository/org/apache/maven/surefire/surefire-booter/3.0.0-M5/surefire-booter-3.0.0-M5.jar:/Users/baicenxiao/.m2/repository/org/apache/maven/surefire/surefire-api/3.0.0-M5/surefire-api-3.0.0-M5.jar:/Users/baicenxiao/.m2/repository/org/apache/maven/surefire/surefire-logger-api/3.0.0-M5/surefire-logger-api-3.0.0-M5.jar:/Users/baicenxiao/.m2/repository/org/apache/maven/surefire/surefire-shared-utils/3.0.0-M4/surefire-shared-utils-3.0.0-M4.jar:/Users/baicenxiao/.m2/repository/org/apache/maven/surefire/surefire-extensions-spi/3.0.0-M5/surefire-extensions-spi-3.0.0-M5.jar:/Users/baicenxiao/IdeaProjects/Udasecurity/catpoint-parent/Security/target/test-classes:/Users/baicenxiao/.m2/repository/com/google/guava/failureaccess/1.0.1/failureaccess-1.0.1.jar:/Users/baicenxiao/.m2/repository/com/google/guava/listenablefuture/9999.0-empty-to-avoid-conflict-with-guava/listenablefuture-9999.0-empty-to-avoid-conflict-with-guava.jar:/Users/baicenxiao/.m2/repository/com/google/code/findbugs/jsr305/3.0.2/jsr305-3.0.2.jar:/Users/baicenxiao/.m2/repository/org/checkerframework/checker-qual/3.12.0/checker-qual-3.12.0.jar:/Users/baicenxiao/.m2/repository/com/google/errorprone/error_prone_annotations/2.7.1/error_prone_annotations-2.7.1.jar:/Users/baicenxiao/.m2/repository/com/google/j2objc/j2objc-annotations/1.3/j2objc-annotations-1.3.jar:/Users/baicenxiao/.m2/repository/software/amazon/awssdk/annotations/2.17.99/annotations-2.17.99.jar:/Users/baicenxiao/.m2/repository/software/amazon/awssdk/utils/2.17.99/utils-2.17.99.jar:/Users/baicenxiao/.m2/repository/org/reactivestreams/reactive-streams/1.0.3/reactive-streams-1.0.3.jar:/Users/baicenxiao/.m2/repository/software/amazon/awssdk/profiles/2.17.99/profiles-2.17.99.jar:/Users/baicenxiao/.m2/repository/software/amazon/awssdk/http-client-spi/2.17.99/http-client-spi-2.17.99.jar:/Users/baicenxiao/.m2/repository/software/amazon/awssdk/json-utils/2.17.99/json-utils-2.17.99.jar:/Users/baicenxiao/.m2/repository/software/amazon/awssdk/third-party-jackson-core/2.17.99/third-party-jackson-core-2.17.99.jar:/Users/baicenxiao/.m2/repository/software/amazon/eventstream/eventstream/1.0.1/eventstream-1.0.1.jar:/Users/baicenxiao/.m2/repository/software/amazon/awssdk/aws-json-protocol/2.17.91/aws-json-protocol-2.17.91.jar:/Users/baicenxiao/.m2/repository/software/amazon/awssdk/protocol-core/2.17.91/protocol-core-2.17.91.jar:/Users/baicenxiao/.m2/repository/software/amazon/awssdk/aws-core/2.17.91/aws-core-2.17.91.jar:/Users/baicenxiao/.m2/repository/software/amazon/awssdk/metrics-spi/2.17.91/metrics-spi-2.17.91.jar:/Users/baicenxiao/.m2/repository/software/amazon/awssdk/apache-client/2.17.91/apache-client-2.17.91.jar:/Users/baicenxiao/.m2/repository/org/apache/httpcomponents/httpclient/4.5.13/httpclient-4.5.13.jar:/Users/baicenxiao/.m2/repository/commons-logging/commons-logging/1.2/commons-logging-1.2.jar:/Users/baicenxiao/.m2/repository/commons-codec/commons-codec/1.11/commons-codec-1.11.jar:/Users/baicenxiao/.m2/repository/org/apache/httpcomponents/httpcore/4.4.11/httpcore-4.4.11.jar:/Users/baicenxiao/.m2/repository/software/amazon/awssdk/netty-nio-client/2.17.91/netty-nio-client-2.17.91.jar:/Users/baicenxiao/.m2/repository/io/netty/netty-codec-http/4.1.68.Final/netty-codec-http-4.1.68.Final.jar:/Users/baicenxiao/.m2/repository/io/netty/netty-codec-http2/4.1.68.Final/netty-codec-http2-4.1.68.Final.jar:/Users/baicenxiao/.m2/repository/io/netty/netty-codec/4.1.68.Final/netty-codec-4.1.68.Final.jar:/Users/baicenxiao/.m2/repository/io/netty/netty-transport/4.1.68.Final/netty-transport-4.1.68.Final.jar:/Users/baicenxiao/.m2/repository/io/netty/netty-resolver/4.1.68.Final/netty-resolver-4.1.68.Final.jar:/Users/baicenxiao/.m2/repository/io/netty/netty-common/4.1.68.Final/netty-common-4.1.68.Final.jar:/Users/baicenxiao/.m2/repository/io/netty/netty-buffer/4.1.68.Final/netty-buffer-4.1.68.Final.jar:/Users/baicenxiao/.m2/repository/io/netty/netty-handler/4.1.68.Final/netty-handler-4.1.68.Final.jar:/Users/baicenxiao/.m2/repository/io/netty/netty-transport-native-epoll/4.1.68.Final/netty-transport-native-epoll-4.1.68.Final-linux-x86_64.jar:/Users/baicenxiao/.m2/repository/io/netty/netty-transport-native-unix-common/4.1.68.Final/netty-transport-native-unix-common-4.1.68.Final.jar:/Users/baicenxiao/.m2/repository/com/typesafe/netty/netty-reactive-streams-http/2.0.5/netty-reactive-streams-http-2.0.5.jar:/Users/baicenxiao/.m2/repository/com/typesafe/netty/netty-reactive-streams/2.0.5/netty-reactive-streams-2.0.5.jar:/Users/baicenxiao/.m2/repository/org/junit/jupiter/junit-jupiter-api/5.7.0/junit-jupiter-api-5.7.0.jar:/Users/baicenxiao/.m2/repository/org/apiguardian/apiguardian-api/1.1.0/apiguardian-api-1.1.0.jar:/Users/baicenxiao/.m2/repository/org/opentest4j/opentest4j/1.2.0/opentest4j-1.2.0.jar:/Users/baicenxiao/.m2/repository/org/junit/platform/junit-platform-commons/1.7.0/junit-platform-commons-1.7.0.jar:/Users/baicenxiao/.m2/repository/org/junit/jupiter/junit-jupiter-engine/5.7.0/junit-jupiter-engine-5.7.0.jar:/Users/baicenxiao/.m2/repository/org/junit/platform/junit-platform-engine/1.7.0/junit-platform-engine-1.7.0.jar:/Users/baicenxiao/.m2/repository/org/mockito/mockito-junit-jupiter/3.6.28/mockito-junit-jupiter-3.6.28.jar:/Users/baicenxiao/.m2/repository/org/mockito/mockito-core/3.6.28/mockito-core-3.6.28.jar:/Users/baicenxiao/.m2/repository/net/bytebuddy/byte-buddy/1.10.18/byte-buddy-1.10.18.jar:/Users/baicenxiao/.m2/repository/net/bytebuddy/byte-buddy-agent/1.10.18/byte-buddy-agent-1.10.18.jar:/Users/baicenxiao/.m2/repository/org/objenesis/objenesis/3.1/objenesis-3.1.jar:/Users/baicenxiao/.m2/repository/org/junit/jupiter/junit-jupiter-params/5.7.1/junit-jupiter-params-5.7.1.jar:/Users/baicenxiao/.m2/repository/org/apache/maven/surefire/surefire-junit-platform/3.0.0-M5/surefire-junit-platform-3.0.0-M5.jar:/Users/baicenxiao/.m2/repository/org/apache/maven/surefire/common-java5/3.0.0-M5/common-java5-3.0.0-M5.jar:/Users/baicenxiao/.m2/repository/org/junit/platform/junit-platform-launcher/1.7.0/junit-platform-launcher-1.7.0.jar"/>
    <property name="sun.management.compiler" value="HotSpot 64-Bit Tiered Compilers"/>
    <property name="ftp.nonProxyHosts" value="local|*.local|169.254/16|*.169.254/16"/>
    <property name="java.runtime.version" value="14.0.2+12-46"/>
    <property name="user.name" value="baicenxiao"/>
    <property name="path.separator" value=":"/>
    <property name="os.version" value="10.16"/>
    <property name="java.runtime.name" value="Java(TM) SE Runtime Environment"/>
    <property name="file.encoding" value="UTF-8"/>
    <property name="java.vm.name" value="Java HotSpot(TM) 64-Bit Server VM"/>
    <property name="localRepository" value="/Users/baicenxiao/.m2/repository"/>
    <property name="java.vendor.url.bug" value="https://bugreport.java.com/bugreport/"/>
    <property name="java.io.tmpdir" value="/var/folders/r8/_84tp0qd2llggc5y8dybdw_80000gn/T/"/>
    <property name="idea.version" value="2021.3"/>
    <property name="java.version" value="14.0.2"/>
    <property name="user.dir" value="/Users/baicenxiao/IdeaProjects/Udasecurity/catpoint-parent/Security"/>
    <property name="os.arch" value="x86_64"/>
    <property name="java.vm.specification.name" value="Java Virtual Machine Specification"/>
    <property name="java.library.path" value="/Users/baicenxiao/Library/Java/Extensions:/Library/Java/Extensions:/Network/Library/Java/Extensions:/System/Library/Java/Extensions:/usr/lib/java:."/>
    <property name="java.vm.info" value="mixed mode"/>
    <property name="java.vendor" value="Oracle Corporation"/>
    <property name="java.vm.version" value="14.0.2+12-46"/>
    <property name="sun.io.unicode.encoding" value="UnicodeBig"/>
    <property name="socksNonProxyHosts" value="local|*.local|169.254/16|*.169.254/16"/>
    <property name="java.class.version" value="58.0"/>
  </properties>
  <testcase name="ifSensorDeactivatedWhileInactive_noChangesToAlarmState(AlarmStatus)[1]" classname="com.udacity.catpoint.security.service.SecurityServiceTest" time="0.816"/>
  <testcase name="ifSensorDeactivatedWhileInactive_noChangesToAlarmState(AlarmStatus)[2]" classname="com.udacity.catpoint.security.service.SecurityServiceTest" time="0.009"/>
  <testcase name="ifSensorDeactivatedWhileInactive_noChangesToAlarmState(AlarmStatus)[3]" classname="com.udacity.catpoint.security.service.SecurityServiceTest" time="0.005"/>
  <testcase name="ifPendingAlarmAndSensorInactive_returnNoAlarmState" classname="com.udacity.catpoint.security.service.SecurityServiceTest" time="0.015"/>
  <testcase name="ifImageServiceIdentifiesNoCatImage_changeStatusToNoAlarmAsLongSensorsNotActive" classname="com.udacity.catpoint.security.service.SecurityServiceTest" time="0.288"/>
  <testcase name="ifSystemArmed_resetSensorsToInactive(ArmingStatus)[1]" classname="com.udacity.catpoint.security.service.SecurityServiceTest" time="0.004"/>
  <testcase name="ifSystemArmed_resetSensorsToInactive(ArmingStatus)[2]" classname="com.udacity.catpoint.security.service.SecurityServiceTest" time="0.003"/>
  <testcase name="checkChangeSensorActivationStatusWorks" classname="com.udacity.catpoint.security.service.SecurityServiceTest" time="0.007"/>
  <testcase name="ifSystemDisarmed_setNoAlarmState" classname="com.udacity.catpoint.security.service.SecurityServiceTest" time="0.004"/>
  <testcase name="coverDeactivate" classname="com.udacity.catpoint.security.service.SecurityServiceTest" time="0.004"/>
  <testcase name="changeSensorStatusWithAlarms(AlarmStatus, SensorType, Boolean)[1]" classname="com.udacity.catpoint.security.service.SecurityServiceTest" time="0.007"/>
  <testcase name="changeSensorStatusWithAlarms(AlarmStatus, SensorType, Boolean)[2]" classname="com.udacity.catpoint.security.service.SecurityServiceTest" time="0.003"/>
  <testcase name="changeSensorStatusWithAlarms(AlarmStatus, SensorType, Boolean)[3]" classname="com.udacity.catpoint.security.service.SecurityServiceTest" time="0.005"/>
  <testcase name="changeSensorStatusWithAlarms(AlarmStatus, SensorType, Boolean)[4]" classname="com.udacity.catpoint.security.service.SecurityServiceTest" time="0.005"/>
  <testcase name="changeSensorStatusWithAlarms(AlarmStatus, SensorType, Boolean)[5]" classname="com.udacity.catpoint.security.service.SecurityServiceTest" time="0.005"/>
  <testcase name="changeSensorStatusWithAlarms(AlarmStatus, SensorType, Boolean)[6]" classname="com.udacity.catpoint.security.service.SecurityServiceTest" time="0.005"/>
  <testcase name="ifSystemArmedAndSensorActivated_changeStatusToPending" classname="com.udacity.catpoint.security.service.SecurityServiceTest" time="0.005"/>
  <testcase name="ifAlarmIsActive_changeSensorShouldNotAffectAlarmState(boolean)[1]" classname="com.udacity.catpoint.security.service.SecurityServiceTest" time="0.003"/>
  <testcase name="ifAlarmIsActive_changeSensorShouldNotAffectAlarmState(boolean)[2]" classname="com.udacity.catpoint.security.service.SecurityServiceTest" time="0.002"/>
  <testcase name="ifSystemArmedAndSensorActivatedAndPendingState_changeStatusToAlarm" classname="com.udacity.catpoint.security.service.SecurityServiceTest" time="0.002"/>
  <testcase name="ifSensorActivatedWhileActiveAndPendingAlarm_changeStatusToAlarm" classname="com.udacity.catpoint.security.service.SecurityServiceTest" time="0.003"/>
  <testcase name="addRemoveStatusListener" classname="com.udacity.catpoint.security.service.SecurityServiceTest" time="0.001"/>
  <testcase name="addRemoveSensor" classname="com.udacity.catpoint.security.service.SecurityServiceTest" time="0.006"/>
  <testcase name="setArmingStatusMethod(ArmingStatus)[1]" classname="com.udacity.catpoint.security.service.SecurityServiceTest" time="0.003"/>
  <testcase name="setArmingStatusMethod(ArmingStatus)[2]" classname="com.udacity.catpoint.security.service.SecurityServiceTest" time="0.002"/>
  <testcase name="setArmingStatusMethod(ArmingStatus)[3]" classname="com.udacity.catpoint.security.service.SecurityServiceTest" time="0.001"/>
  <testcase name="ifImageServiceIdentifiesCatWhileAlarmArmedHome_changeStatusToAlarm" classname="com.udacity.catpoint.security.service.SecurityServiceTest" time="0.006"/>
  <testcase name="ifSystemArmedHomeWhileImageServiceIdentifiesCat_changeStatusToAlarm" classname="com.udacity.catpoint.security.service.SecurityServiceTest" time="0.003"/>
</testsuite>