<?xml version="1.0" encoding="UTF-8"?>
<testsuite xmlns:xsi="http://www.w3.org/2001/XMLSchema-instance" xsi:noNamespaceSchemaLocation="https://maven.apache.org/surefire/maven-surefire-plugin/xsd/surefire-test-report-3.0.xsd" version="3.0" name="com.udacity.catpoint.AppTest" time="0.049" tests="1" errors="0" skipped="0" failures="0">
  <properties>
    <property name="java.specification.version" value="14"/>
    <property name="sun.jnu.encoding" value="UTF-8"/>
    <property name="java.class.path" value="/Users/baicenxiao/IdeaProjects/Udasecurity/catpoint-parent/Image/target/test-classes:/Users/baicenxiao/.m2/repository/software/amazon/awssdk/annotations/2.15.0/annotations-2.15.0.jar:/Users/baicenxiao/.m2/repository/software/amazon/awssdk/utils/2.15.0/utils-2.15.0.jar:/Users/baicenxiao/.m2/repository/org/reactivestreams/reactive-streams/1.0.2/reactive-streams-1.0.2.jar:/Users/baicenxiao/.m2/repository/com/fasterxml/jackson/core/jackson-core/2.10.4/jackson-core-2.10.4.jar:/Users/baicenxiao/.m2/repository/com/fasterxml/jackson/core/jackson-annotations/2.10.4/jackson-annotations-2.10.4.jar:/Users/baicenxiao/.m2/repository/software/amazon/awssdk/profiles/2.15.0/profiles-2.15.0.jar:/Users/baicenxiao/.m2/repository/software/amazon/awssdk/http-client-spi/2.15.0/http-client-spi-2.15.0.jar:/Users/baicenxiao/.m2/repository/com/fasterxml/jackson/core/jackson-databind/2.10.4/jackson-databind-2.10.4.jar:/Users/baicenxiao/.m2/repository/software/amazon/eventstream/eventstream/1.0.1/eventstream-1.0.1.jar:/Users/baicenxiao/.m2/repository/software/amazon/awssdk/aws-json-protocol/2.15.0/aws-json-protocol-2.15.0.jar:/Users/baicenxiao/.m2/repository/software/amazon/awssdk/protocol-core/2.15.0/protocol-core-2.15.0.jar:/Users/baicenxiao/.m2/repository/software/amazon/awssdk/aws-core/2.15.0/aws-core-2.15.0.jar:/Users/baicenxiao/.m2/repository/software/amazon/awssdk/metrics-spi/2.15.0/metrics-spi-2.15.0.jar:/Users/baicenxiao/.m2/repository/software/amazon/awssdk/apache-client/2.15.0/apache-client-2.15.0.jar:/Users/baicenxiao/.m2/repository/org/apache/httpcomponents/httpclient/4.5.9/httpclient-4.5.9.jar:/Users/baicenxiao/.m2/repository/commons-logging/commons-logging/1.2/commons-logging-1.2.jar:/Users/baicenxiao/.m2/repository/commons-codec/commons-codec/1.11/commons-codec-1.11.jar:/Users/baicenxiao/.m2/repository/org/apache/httpcomponents/httpcore/4.4.11/httpcore-4.4.11.jar:/Users/baicenxiao/.m2/repository/software/amazon/awssdk/netty-nio-client/2.15.0/netty-nio-client-2.15.0.jar:/Users/baicenxiao/.m2/repository/io/netty/netty-codec-http/4.1.46.Final/netty-codec-http-4.1.46.Final.jar:/Users/baicenxiao/.m2/repository/io/netty/netty-codec-http2/4.1.46.Final/netty-codec-http2-4.1.46.Final.jar:/Users/baicenxiao/.m2/repository/io/netty/netty-codec/4.1.46.Final/netty-codec-4.1.46.Final.jar:/Users/baicenxiao/.m2/repository/io/netty/netty-transport/4.1.46.Final/netty-transport-4.1.46.Final.jar:/Users/baicenxiao/.m2/repository/io/netty/netty-resolver/4.1.46.Final/netty-resolver-4.1.46.Final.jar:/Users/baicenxiao/.m2/repository/io/netty/netty-common/4.1.46.Final/netty-common-4.1.46.Final.jar:/Users/baicenxiao/.m2/repository/io/netty/netty-buffer/4.1.46.Final/netty-buffer-4.1.46.Final.jar:/Users/baicenxiao/.m2/repository/io/netty/netty-handler/4.1.46.Final/netty-handler-4.1.46.Final.jar:/Users/baicenxiao/.m2/repository/io/netty/netty-transport-native-epoll/4.1.46.Final/netty-transport-native-epoll-4.1.46.Final-linux-x86_64.jar:/Users/baicenxiao/.m2/repository/io/netty/netty-transport-native-unix-common/4.1.46.Final/netty-transport-native-unix-common-4.1.46.Final.jar:/Users/baicenxiao/.m2/repository/com/typesafe/netty/netty-reactive-streams-http/2.0.4/netty-reactive-streams-http-2.0.4.jar:/Users/baicenxiao/.m2/repository/com/typesafe/netty/netty-reactive-streams/2.0.4/netty-reactive-streams-2.0.4.jar:/Users/baicenxiao/.m2/repository/junit/junit/4.11/junit-4.11.jar:/Users/baicenxiao/.m2/repository/org/hamcrest/hamcrest-core/1.3/hamcrest-core-1.3.jar:"/>
    <property name="java.vm.vendor" value="Oracle Corporation"/>
    <property name="sun.arch.data.model" value="64"/>
    <property name="java.vendor.url" value="https://java.oracle.com/"/>
    <property name="os.name" value="Mac OS X"/>
    <property name="java.vm.specification.version" value="14"/>
    <property name="sun.java.launcher" value="SUN_STANDARD"/>
    <property name="user.country" value="US"/>
    <property name="sun.boot.library.path" value="/Library/Java/JavaVirtualMachines/jdk-14.0.2.jdk/Contents/Home/lib"/>
    <property name="sun.java.command" value="org.apache.maven.surefire.booter.ForkedBooter /Users/baicenxiao/IdeaProjects/Udasecurity/catpoint-parent/Image/target/surefire 2021-12-23T10-00-20_043-jvmRun1 surefire15683061238638004762tmp surefire_013384797396546578005tmp"/>
    <property name="http.nonProxyHosts" value="local|*.local|169.254/16|*.169.254/16"/>
    <property name="jdk.debug" value="release"/>
    <property name="surefire.test.class.path" value="/Users/baicenxiao/IdeaProjects/Udasecurity/catpoint-parent/Image/target/test-classes:/Users/baicenxiao/.m2/repository/software/amazon/awssdk/annotations/2.15.0/annotations-2.15.0.jar:/Users/baicenxiao/.m2/repository/software/amazon/awssdk/utils/2.15.0/utils-2.15.0.jar:/Users/baicenxiao/.m2/repository/org/reactivestreams/reactive-streams/1.0.2/reactive-streams-1.0.2.jar:/Users/baicenxiao/.m2/repository/com/fasterxml/jackson/core/jackson-core/2.10.4/jackson-core-2.10.4.jar:/Users/baicenxiao/.m2/repository/com/fasterxml/jackson/core/jackson-annotations/2.10.4/jackson-annotations-2.10.4.jar:/Users/baicenxiao/.m2/repository/software/amazon/awssdk/profiles/2.15.0/profiles-2.15.0.jar:/Users/baicenxiao/.m2/repository/software/amazon/awssdk/http-client-spi/2.15.0/http-client-spi-2.15.0.jar:/Users/baicenxiao/.m2/repository/com/fasterxml/jackson/core/jackson-databind/2.10.4/jackson-databind-2.10.4.jar:/Users/baicenxiao/.m2/repository/software/amazon/eventstream/eventstream/1.0.1/eventstream-1.0.1.jar:/Users/baicenxiao/.m2/repository/software/amazon/awssdk/aws-json-protocol/2.15.0/aws-json-protocol-2.15.0.jar:/Users/baicenxiao/.m2/repository/software/amazon/awssdk/protocol-core/2.15.0/protocol-core-2.15.0.jar:/Users/baicenxiao/.m2/repository/software/amazon/awssdk/aws-core/2.15.0/aws-core-2.15.0.jar:/Users/baicenxiao/.m2/repository/software/amazon/awssdk/metrics-spi/2.15.0/metrics-spi-2.15.0.jar:/Users/baicenxiao/.m2/repository/software/amazon/awssdk/apache-client/2.15.0/apache-client-2.15.0.jar:/Users/baicenxiao/.m2/repository/org/apache/httpcomponents/httpclient/4.5.9/httpclient-4.5.9.jar:/Users/baicenxiao/.m2/repository/commons-logging/commons-logging/1.2/commons-logging-1.2.jar:/Users/baicenxiao/.m2/repository/commons-codec/commons-codec/1.11/commons-codec-1.11.jar:/Users/baicenxiao/.m2/repository/org/apache/httpcomponents/httpcore/4.4.11/httpcore-4.4.11.jar:/Users/baicenxiao/.m2/repository/software/amazon/awssdk/netty-nio-client/2.15.0/netty-nio-client-2.15.0.jar:/Users/baicenxiao/.m2/repository/io/netty/netty-codec-http/4.1.46.Final/netty-codec-http-4.1.46.Final.jar:/Users/baicenxiao/.m2/repository/io/netty/netty-codec-http2/4.1.46.Final/netty-codec-http2-4.1.46.Final.jar:/Users/baicenxiao/.m2/repository/io/netty/netty-codec/4.1.46.Final/netty-codec-4.1.46.Final.jar:/Users/baicenxiao/.m2/repository/io/netty/netty-transport/4.1.46.Final/netty-transport-4.1.46.Final.jar:/Users/baicenxiao/.m2/repository/io/netty/netty-resolver/4.1.46.Final/netty-resolver-4.1.46.Final.jar:/Users/baicenxiao/.m2/repository/io/netty/netty-common/4.1.46.Final/netty-common-4.1.46.Final.jar:/Users/baicenxiao/.m2/repository/io/netty/netty-buffer/4.1.46.Final/netty-buffer-4.1.46.Final.jar:/Users/baicenxiao/.m2/repository/io/netty/netty-handler/4.1.46.Final/netty-handler-4.1.46.Final.jar:/Users/baicenxiao/.m2/repository/io/netty/netty-transport-native-epoll/4.1.46.Final/netty-transport-native-epoll-4.1.46.Final-linux-x86_64.jar:/Users/baicenxiao/.m2/repository/io/netty/netty-transport-native-unix-common/4.1.46.Final/netty-transport-native-unix-common-4.1.46.Final.jar:/Users/baicenxiao/.m2/repository/com/typesafe/netty/netty-reactive-streams-http/2.0.4/netty-reactive-streams-http-2.0.4.jar:/Users/baicenxiao/.m2/repository/com/typesafe/netty/netty-reactive-streams/2.0.4/netty-reactive-streams-2.0.4.jar:/Users/baicenxiao/.m2/repository/junit/junit/4.11/junit-4.11.jar:/Users/baicenxiao/.m2/repository/org/hamcrest/hamcrest-core/1.3/hamcrest-core-1.3.jar:"/>
    <property name="sun.cpu.endian" value="little"/>
    <property name="user.home" value="/Users/baicenxiao"/>
    <property name="user.language" value="en"/>
    <property name="java.specification.vendor" value="Oracle Corporation"/>
    <property name="jdk.module.path" value="/Users/baicenxiao/IdeaProjects/Udasecurity/catpoint-parent/Image/target/classes:/Users/baicenxiao/.m2/repository/org/slf4j/slf4j-api/1.7.32/slf4j-api-1.7.32.jar:/Users/baicenxiao/.m2/repository/software/amazon/awssdk/auth/2.15.0/auth-2.15.0.jar:/Users/baicenxiao/.m2/repository/software/amazon/awssdk/sdk-core/2.15.0/sdk-core-2.15.0.jar:/Users/baicenxiao/.m2/repository/software/amazon/awssdk/regions/2.15.0/regions-2.15.0.jar:/Users/baicenxiao/.m2/repository/software/amazon/awssdk/rekognition/2.15.0/rekognition-2.15.0.jar"/>
    <property name="java.version.date" value="2020-07-14"/>
    <property name="java.home" value="/Library/Java/JavaVirtualMachines/jdk-14.0.2.jdk/Contents/Home"/>
    <property name="file.separator" value="/"/>
    <property name="basedir" value="/Users/baicenxiao/IdeaProjects/Udasecurity/catpoint-parent/Image"/>
    <property name="java.vm.compressedOopsMode" value="Zero based"/>
    <property name="line.separator" value="&#10;"/>
    <property name="java.specification.name" value="Java Platform API Specification"/>
    <property name="java.vm.specification.vendor" value="Oracle Corporation"/>
    <property name="surefire.real.class.path" value="/Users/baicenxiao/.m2/repository/org/apache/maven/surefire/surefire-booter/3.0.0-M5/surefire-booter-3.0.0-M5.jar:/Users/baicenxiao/.m2/repository/org/apache/maven/surefire/surefire-api/3.0.0-M5/surefire-api-3.0.0-M5.jar:/Users/baicenxiao/.m2/repository/org/apache/maven/surefire/surefire-logger-api/3.0.0-M5/surefire-logger-api-3.0.0-M5.jar:/Users/baicenxiao/.m2/repository/org/apache/maven/surefire/surefire-shared-utils/3.0.0-M4/surefire-shared-utils-3.0.0-M4.jar:/Users/baicenxiao/.m2/repository/org/apache/maven/surefire/surefire-extensions-spi/3.0.0-M5/surefire-extensions-spi-3.0.0-M5.jar:/Users/baicenxiao/IdeaProjects/Udasecurity/catpoint-parent/Image/target/test-classes:/Users/baicenxiao/.m2/repository/software/amazon/awssdk/annotations/2.15.0/annotations-2.15.0.jar:/Users/baicenxiao/.m2/repository/software/amazon/awssdk/utils/2.15.0/utils-2.15.0.jar:/Users/baicenxiao/.m2/repository/org/reactivestreams/reactive-streams/1.0.2/reactive-streams-1.0.2.jar:/Users/baicenxiao/.m2/repository/com/fasterxml/jackson/core/jackson-core/2.10.4/jackson-core-2.10.4.jar:/Users/baicenxiao/.m2/repository/com/fasterxml/jackson/core/jackson-annotations/2.10.4/jackson-annotations-2.10.4.jar:/Users/baicenxiao/.m2/repository/software/amazon/awssdk/profiles/2.15.0/profiles-2.15.0.jar:/Users/baicenxiao/.m2/repository/software/amazon/awssdk/http-client-spi/2.15.0/http-client-spi-2.15.0.jar:/Users/baicenxiao/.m2/repository/com/fasterxml/jackson/core/jackson-databind/2.10.4/jackson-databind-2.10.4.jar:/Users/baicenxiao/.m2/repository/software/amazon/eventstream/eventstream/1.0.1/eventstream-1.0.1.jar:/Users/baicenxiao/.m2/repository/software/amazon/awssdk/aws-json-protocol/2.15.0/aws-json-protocol-2.15.0.jar:/Users/baicenxiao/.m2/repository/software/amazon/awssdk/protocol-core/2.15.0/protocol-core-2.15.0.jar:/Users/baicenxiao/.m2/repository/software/amazon/awssdk/aws-core/2.15.0/aws-core-2.15.0.jar:/Users/baicenxiao/.m2/repository/software/amazon/awssdk/metrics-spi/2.15.0/metrics-spi-2.15.0.jar:/Users/baicenxiao/.m2/repository/software/amazon/awssdk/apache-client/2.15.0/apache-client-2.15.0.jar:/Users/baicenxiao/.m2/repository/org/apache/httpcomponents/httpclient/4.5.9/httpclient-4.5.9.jar:/Users/baicenxiao/.m2/repository/commons-logging/commons-logging/1.2/commons-logging-1.2.jar:/Users/baicenxiao/.m2/repository/commons-codec/commons-codec/1.11/commons-codec-1.11.jar:/Users/baicenxiao/.m2/repository/org/apache/httpcomponents/httpcore/4.4.11/httpcore-4.4.11.jar:/Users/baicenxiao/.m2/repository/software/amazon/awssdk/netty-nio-client/2.15.0/netty-nio-client-2.15.0.jar:/Users/baicenxiao/.m2/repository/io/netty/netty-codec-http/4.1.46.Final/netty-codec-http-4.1.46.Final.jar:/Users/baicenxiao/.m2/repository/io/netty/netty-codec-http2/4.1.46.Final/netty-codec-http2-4.1.46.Final.jar:/Users/baicenxiao/.m2/repository/io/netty/netty-codec/4.1.46.Final/netty-codec-4.1.46.Final.jar:/Users/baicenxiao/.m2/repository/io/netty/netty-transport/4.1.46.Final/netty-transport-4.1.46.Final.jar:/Users/baicenxiao/.m2/repository/io/netty/netty-resolver/4.1.46.Final/netty-resolver-4.1.46.Final.jar:/Users/baicenxiao/.m2/repository/io/netty/netty-common/4.1.46.Final/netty-common-4.1.46.Final.jar:/Users/baicenxiao/.m2/repository/io/netty/netty-buffer/4.1.46.Final/netty-buffer-4.1.46.Final.jar:/Users/baicenxiao/.m2/repository/io/netty/netty-handler/4.1.46.Final/netty-handler-4.1.46.Final.jar:/Users/baicenxiao/.m2/repository/io/netty/netty-transport-native-epoll/4.1.46.Final/netty-transport-native-epoll-4.1.46.Final-linux-x86_64.jar:/Users/baicenxiao/.m2/repository/io/netty/netty-transport-native-unix-common/4.1.46.Final/netty-transport-native-unix-common-4.1.46.Final.jar:/Users/baicenxiao/.m2/repository/com/typesafe/netty/netty-reactive-streams-http/2.0.4/netty-reactive-streams-http-2.0.4.jar:/Users/baicenxiao/.m2/repository/com/typesafe/netty/netty-reactive-streams/2.0.4/netty-reactive-streams-2.0.4.jar:/Users/baicenxiao/.m2/repository/junit/junit/4.11/junit-4.11.jar:/Users/baicenxiao/.m2/repository/org/hamcrest/hamcrest-core/1.3/hamcrest-core-1.3.jar:/Users/baicenxiao/.m2/repository/org/apache/maven/surefire/surefire-junit4/3.0.0-M5/surefire-junit4-3.0.0-M5.jar:/Users/baicenxiao/.m2/repository/org/apache/maven/surefire/common-java5/3.0.0-M5/common-java5-3.0.0-M5.jar:/Users/baicenxiao/.m2/repository/org/apache/maven/surefire/common-junit3/3.0.0-M5/common-junit3-3.0.0-M5.jar:/Users/baicenxiao/.m2/repository/org/apache/maven/surefire/common-junit4/3.0.0-M5/common-junit4-3.0.0-M5.jar"/>
    <property name="sun.management.compiler" value="HotSpot 64-Bit Tiered Compilers"/>
    <property name="ftp.nonProxyHosts" value="local|*.local|169.254/16|*.169.254/16"/>
    <property name="java.runtime.version" value="14.0.2+12-46"/>
    <property name="user.name" value="baicenxiao"/>
    <property name="path.separator" value=":"/>
    <property name="os.version" value="10.16"/>
    <property name="java.runtime.name" value="Java(TM) SE Runtime Environment"/>
    <property name="file.encoding" value="UTF-8"/>
    <property name="java.vm.name" value="Java HotSpot(TM) 64-Bit Server VM"/>
    <property name="localRepository" value="/Users/baicenxiao/.m2/repository"/>
    <property name="java.vendor.url.bug" value="https://bugreport.java.com/bugreport/"/>
    <property name="java.io.tmpdir" value="/var/folders/r8/_84tp0qd2llggc5y8dybdw_80000gn/T/"/>
    <property name="java.version" value="14.0.2"/>
    <property name="user.dir" value="/Users/baicenxiao/IdeaProjects/Udasecurity/catpoint-parent/Image"/>
    <property name="os.arch" value="x86_64"/>
    <property name="java.vm.specification.name" value="Java Virtual Machine Specification"/>
    <property name="java.library.path" value="/Users/baicenxiao/Library/Java/Extensions:/Library/Java/Extensions:/Network/Library/Java/Extensions:/System/Library/Java/Extensions:/usr/lib/java:."/>
    <property name="java.vm.info" value="mixed mode"/>
    <property name="java.vendor" value="Oracle Corporation"/>
    <property name="java.vm.version" value="14.0.2+12-46"/>
    <property name="sun.io.unicode.encoding" value="UnicodeBig"/>
    <property name="socksNonProxyHosts" value="local|*.local|169.254/16|*.169.254/16"/>
    <property name="java.class.version" value="58.0"/>
  </properties>
  <testcase name="shouldAnswerWithTrue" classname="com.udacity.catpoint.AppTest" time="0.001"/>
</testsuite>